This file contains any messages produced by compilers while
running configure, to aid debugging if configure makes a mistake.

It was created by quota configure 4.03, which was
generated by GNU Autoconf 2.69.  Invocation command line was

  $ ./configure --enable-ext2direct=no --enable-nls=no --prefix=/home/king/xfstests-bld/bld

## --------- ##
## Platform. ##
## --------- ##

hostname = ubuntu
uname -m = x86_64
uname -r = 4.8.0-5-generic
uname -s = Linux
uname -v = #6 SMP Thu Aug 25 14:49:54 UTC 2016

/usr/bin/uname -p = unknown
/bin/uname -X     = unknown

/bin/arch              = unknown
/usr/bin/arch -k       = unknown
/usr/convex/getsysinfo = unknown
/usr/bin/hostinfo      = unknown
/bin/machine           = unknown
/usr/bin/oslevel       = unknown
/bin/universe          = unknown

PATH: /home/king/bin
PATH: /home/king/.local/bin
PATH: /usr/local/sbin
PATH: /usr/local/bin
PATH: /usr/sbin
PATH: /usr/bin
PATH: /sbin
PATH: /bin
PATH: /usr/games
PATH: /usr/local/games
PATH: /snap/bin


## ----------- ##
## Core tests. ##
## ----------- ##

configure:2316: checking for a BSD-compatible install
configure:2384: result: /usr/bin/install -c
configure:2395: checking whether build environment is sane
configure:2450: result: yes
configure:2601: checking for a thread-safe mkdir -p
configure:2640: result: /bin/mkdir -p
configure:2647: checking for gawk
configure:2663: found /usr/bin/gawk
configure:2674: result: gawk
configure:2685: checking whether make sets $(MAKE)
configure:2707: result: yes
configure:2736: checking whether make supports nested variables
configure:2753: result: yes
configure:2890: checking whether make supports nested variables
configure:2907: result: yes
configure:2940: checking for style of include used by make
configure:2968: result: GNU
configure:3039: checking for gcc
configure:3055: found /usr/bin/gcc
configure:3066: result: gcc
configure:3295: checking for C compiler version
configure:3304: gcc --version >&5
gcc (Ubuntu 6.2.0-3ubuntu11) 6.2.0 20160901
Copyright (C) 2016 Free Software Foundation, Inc.
This is free software; see the source for copying conditions.  There is NO
warranty; not even for MERCHANTABILITY or FITNESS FOR A PARTICULAR PURPOSE.

configure:3315: $? = 0
configure:3304: gcc -v >&5
Using built-in specs.
COLLECT_GCC=gcc
COLLECT_LTO_WRAPPER=/usr/lib/gcc/x86_64-linux-gnu/6/lto-wrapper
Target: x86_64-linux-gnu
Configured with: ../src/configure -v --with-pkgversion='Ubuntu 6.2.0-3ubuntu11' --with-bugurl=file:///usr/share/doc/gcc-6/README.Bugs --enable-languages=c,ada,c++,java,go,d,fortran,objc,obj-c++ --prefix=/usr --program-suffix=-6 --enable-shared --enable-linker-build-id --libexecdir=/usr/lib --without-included-gettext --enable-threads=posix --libdir=/usr/lib --enable-nls --with-sysroot=/ --enable-clocale=gnu --enable-libstdcxx-debug --enable-libstdcxx-time=yes --with-default-libstdcxx-abi=new --enable-gnu-unique-object --disable-vtable-verify --enable-libmpx --enable-plugin --enable-default-pie --with-system-zlib --disable-browser-plugin --enable-java-awt=gtk --enable-gtk-cairo --with-java-home=/usr/lib/jvm/java-1.5.0-gcj-6-amd64/jre --enable-java-home --with-jvm-root-dir=/usr/lib/jvm/java-1.5.0-gcj-6-amd64 --with-jvm-jar-dir=/usr/lib/jvm-exports/java-1.5.0-gcj-6-amd64 --with-arch-directory=amd64 --with-ecj-jar=/usr/share/java/eclipse-ecj.jar --enable-objc-gc --enable-multiarch --disable-werror --with-arch-32=i686 --with-abi=m64 --with-multilib-list=m32,m64,mx32 --enable-multilib --with-tune=generic --enable-checking=release --build=x86_64-linux-gnu --host=x86_64-linux-gnu --target=x86_64-linux-gnu
Thread model: posix
gcc version 6.2.0 20160901 (Ubuntu 6.2.0-3ubuntu11) 
configure:3315: $? = 0
configure:3304: gcc -V >&5
gcc: error: unrecognized command line option '-V'
gcc: fatal error: no input files
compilation terminated.
configure:3315: $? = 1
configure:3304: gcc -qversion >&5
gcc: error: unrecognized command line option '-qversion'; did you mean '--version'?
gcc: fatal error: no input files
compilation terminated.
configure:3315: $? = 1
configure:3335: checking whether the C compiler works
configure:3357: gcc -g -O2 -I/home/king/xfstests-bld/bld/include -I/home/king/xfstests-bld/bld/include  -static -L/home/king/xfstests-bld/bld/lib -static conftest.c  >&5
configure:3361: $? = 0
configure:3409: result: yes
configure:3412: checking for C compiler default output file name
configure:3414: result: a.out
configure:3420: checking for suffix of executables
configure:3427: gcc -o conftest -g -O2 -I/home/king/xfstests-bld/bld/include -I/home/king/xfstests-bld/bld/include  -static -L/home/king/xfstests-bld/bld/lib -static conftest.c  >&5
configure:3431: $? = 0
configure:3453: result: 
configure:3475: checking whether we are cross compiling
configure:3483: gcc -o conftest -g -O2 -I/home/king/xfstests-bld/bld/include -I/home/king/xfstests-bld/bld/include  -static -L/home/king/xfstests-bld/bld/lib -static conftest.c  >&5
configure:3487: $? = 0
configure:3494: ./conftest
configure:3498: $? = 0
configure:3513: result: no
configure:3518: checking for suffix of object files
configure:3540: gcc -c -g -O2 -I/home/king/xfstests-bld/bld/include -I/home/king/xfstests-bld/bld/include conftest.c >&5
configure:3544: $? = 0
configure:3565: result: o
configure:3569: checking whether we are using the GNU C compiler
configure:3588: gcc -c -g -O2 -I/home/king/xfstests-bld/bld/include -I/home/king/xfstests-bld/bld/include conftest.c >&5
configure:3588: $? = 0
configure:3597: result: yes
configure:3606: checking whether gcc accepts -g
configure:3626: gcc -c -g -I/home/king/xfstests-bld/bld/include conftest.c >&5
configure:3626: $? = 0
configure:3667: result: yes
configure:3684: checking for gcc option to accept ISO C89
configure:3747: gcc  -c -g -O2 -I/home/king/xfstests-bld/bld/include -I/home/king/xfstests-bld/bld/include conftest.c >&5
configure:3747: $? = 0
configure:3760: result: none needed
configure:3785: checking whether gcc understands -c and -o together
configure:3807: gcc -c conftest.c -o conftest2.o
configure:3810: $? = 0
configure:3807: gcc -c conftest.c -o conftest2.o
configure:3810: $? = 0
configure:3822: result: yes
configure:3841: checking dependency style of gcc
configure:3952: result: gcc3
configure:4017: checking for ar
configure:4033: found /usr/bin/ar
configure:4044: result: ar
configure:4070: checking the archiver (ar) interface
configure:4086: gcc -c -g -O2 -I/home/king/xfstests-bld/bld/include -I/home/king/xfstests-bld/bld/include conftest.c >&5
configure:4086: $? = 0
configure:4088: ar cru libconftest.a conftest.o >&5
ar: `u' modifier ignored since `D' is the default (see `U')
configure:4091: $? = 0
configure:4119: result: ar
configure:4251: checking for C compiler version
configure:4260: gcc --version >&5
gcc (Ubuntu 6.2.0-3ubuntu11) 6.2.0 20160901
Copyright (C) 2016 Free Software Foundation, Inc.
This is free software; see the source for copying conditions.  There is NO
warranty; not even for MERCHANTABILITY or FITNESS FOR A PARTICULAR PURPOSE.

configure:4271: $? = 0
configure:4260: gcc -v >&5
Using built-in specs.
COLLECT_GCC=gcc
COLLECT_LTO_WRAPPER=/usr/lib/gcc/x86_64-linux-gnu/6/lto-wrapper
Target: x86_64-linux-gnu
Configured with: ../src/configure -v --with-pkgversion='Ubuntu 6.2.0-3ubuntu11' --with-bugurl=file:///usr/share/doc/gcc-6/README.Bugs --enable-languages=c,ada,c++,java,go,d,fortran,objc,obj-c++ --prefix=/usr --program-suffix=-6 --enable-shared --enable-linker-build-id --libexecdir=/usr/lib --without-included-gettext --enable-threads=posix --libdir=/usr/lib --enable-nls --with-sysroot=/ --enable-clocale=gnu --enable-libstdcxx-debug --enable-libstdcxx-time=yes --with-default-libstdcxx-abi=new --enable-gnu-unique-object --disable-vtable-verify --enable-libmpx --enable-plugin --enable-default-pie --with-system-zlib --disable-browser-plugin --enable-java-awt=gtk --enable-gtk-cairo --with-java-home=/usr/lib/jvm/java-1.5.0-gcj-6-amd64/jre --enable-java-home --with-jvm-root-dir=/usr/lib/jvm/java-1.5.0-gcj-6-amd64 --with-jvm-jar-dir=/usr/lib/jvm-exports/java-1.5.0-gcj-6-amd64 --with-arch-directory=amd64 --with-ecj-jar=/usr/share/java/eclipse-ecj.jar --enable-objc-gc --enable-multiarch --disable-werror --with-arch-32=i686 --with-abi=m64 --with-multilib-list=m32,m64,mx32 --enable-multilib --with-tune=generic --enable-checking=release --build=x86_64-linux-gnu --host=x86_64-linux-gnu --target=x86_64-linux-gnu
Thread model: posix
gcc version 6.2.0 20160901 (Ubuntu 6.2.0-3ubuntu11) 
configure:4271: $? = 0
configure:4260: gcc -V >&5
gcc: error: unrecognized command line option '-V'
gcc: fatal error: no input files
compilation terminated.
configure:4271: $? = 1
configure:4260: gcc -qversion >&5
gcc: error: unrecognized command line option '-qversion'; did you mean '--version'?
gcc: fatal error: no input files
compilation terminated.
configure:4271: $? = 1
configure:4275: checking whether we are using the GNU C compiler
configure:4303: result: yes
configure:4312: checking whether gcc accepts -g
configure:4373: result: yes
configure:4390: checking for gcc option to accept ISO C89
configure:4466: result: none needed
configure:4491: checking whether gcc understands -c and -o together
configure:4528: result: yes
configure:4547: checking dependency style of gcc
configure:4658: result: gcc3
configure:4716: checking for ranlib
configure:4732: found /usr/bin/ranlib
configure:4743: result: ranlib
configure:4766: checking whether ln -s works
configure:4770: result: yes
configure:4777: checking whether make sets $(MAKE)
configure:4799: result: yes
configure:4862: checking for pkg-config
configure:4880: found /usr/bin/pkg-config
configure:4892: result: /usr/bin/pkg-config
configure:4917: checking pkg-config is at least version 0.20
configure:4920: result: yes
configure:4929: checking for an ANSI C-conforming const
configure:4995: gcc -c -g -O2 -I/home/king/xfstests-bld/bld/include -I/home/king/xfstests-bld/bld/include conftest.c >&5
configure:4995: $? = 0
configure:5002: result: yes
configure:5010: checking for inline
configure:5026: gcc -c -g -O2 -I/home/king/xfstests-bld/bld/include -I/home/king/xfstests-bld/bld/include conftest.c >&5
configure:5026: $? = 0
configure:5034: result: inline
configure:5052: checking for nl_langinfo
configure:5052: gcc -o conftest -g -O2 -I/home/king/xfstests-bld/bld/include -I/home/king/xfstests-bld/bld/include  -static -L/home/king/xfstests-bld/bld/lib -static conftest.c  >&5
configure:5052: $? = 0
configure:5052: result: yes
configure:5079: checking whether NLS is requested
configure:5088: result: no
configure:5126: checking for msgfmt
configure:5157: result: /usr/bin/msgfmt
configure:5166: checking for gmsgfmt
configure:5197: result: /usr/bin/msgfmt
configure:5237: checking for xgettext
configure:5268: result: /usr/bin/xgettext
configure:5308: checking for msgmerge
configure:5338: result: /usr/bin/msgmerge
configure:5393: checking build system type
configure:5407: result: x86_64-pc-linux-gnu
configure:5427: checking host system type
configure:5440: result: x86_64-pc-linux-gnu
configure:5484: checking for ld used by GCC
configure:5547: result: /usr/bin/ld
configure:5554: checking if the linker (/usr/bin/ld) is GNU ld
GNU ld (GNU Binutils for Ubuntu) 2.27
configure:5566: result: yes
configure:5572: checking for shared library run path origin
configure:5585: result: done
configure:6001: checking whether NLS is requested
configure:6010: result: no
configure:6635: checking whether to use NLS
configure:6637: result: no
configure:6768: checking for ldap_initialize in -lldap
configure:6793: gcc -o conftest -g -O2 -I/home/king/xfstests-bld/bld/include -D_GNU_SOURCE -Wall -D_LARGEFILE64_SOURCE -D_FILE_OFFSET_BITS=64 -fPIC -I/home/king/xfstests-bld/bld/include  -static -L/home/king/xfstests-bld/bld/lib -static conftest.c -lldap   >&5
/usr/bin/ld: cannot find -lldap
collect2: error: ld returned 1 exit status
configure:6793: $? = 1
configure: failed program was:
| /* confdefs.h */
| #define PACKAGE_NAME "quota"
| #define PACKAGE_TARNAME "quota"
| #define PACKAGE_VERSION "4.03"
| #define PACKAGE_STRING "quota 4.03"
| #define PACKAGE_BUGREPORT "jack@suse.cz"
| #define PACKAGE_URL ""
| #define PACKAGE "quota"
| #define VERSION "4.03"
| #define HAVE_NL_LANGINFO 1
| #define PACKAGE_LOCALE_DIR "/home/king/xfstests-bld/bld/share/locale"
| /* end confdefs.h.  */
| 
| /* Override any GCC internal prototype to avoid an error.
|    Use char because int might match the return type of a GCC
|    builtin and then its argument prototype would still apply.  */
| #ifdef __cplusplus
| extern "C"
| #endif
| char ldap_initialize ();
| int
| main ()
| {
| return ldap_initialize ();
|   ;
|   return 0;
| }
configure:6802: result: no
configure:7051: checking for DBUS
configure:7058: $PKG_CONFIG --exists --print-errors "dbus-1"
Package dbus-1 was not found in the pkg-config search path.
Perhaps you should add the directory containing `dbus-1.pc'
to the PKG_CONFIG_PATH environment variable
No package 'dbus-1' found
configure:7061: $? = 1
configure:7075: $PKG_CONFIG --exists --print-errors "dbus-1"
Package dbus-1 was not found in the pkg-config search path.
Perhaps you should add the directory containing `dbus-1.pc'
to the PKG_CONFIG_PATH environment variable
No package 'dbus-1' found
configure:7078: $? = 1
configure:7092: result: no
No package 'dbus-1' found
configure:7136: checking for LIBNL3
configure:7143: $PKG_CONFIG --exists --print-errors "libnl-3.0 >= 3.1 libnl-genl-3.0"
Package libnl-3.0 was not found in the pkg-config search path.
Perhaps you should add the directory containing `libnl-3.0.pc'
to the PKG_CONFIG_PATH environment variable
No package 'libnl-3.0' found
Package libnl-genl-3.0 was not found in the pkg-config search path.
Perhaps you should add the directory containing `libnl-genl-3.0.pc'
to the PKG_CONFIG_PATH environment variable
No package 'libnl-genl-3.0' found
configure:7146: $? = 1
configure:7160: $PKG_CONFIG --exists --print-errors "libnl-3.0 >= 3.1 libnl-genl-3.0"
Package libnl-3.0 was not found in the pkg-config search path.
Perhaps you should add the directory containing `libnl-3.0.pc'
to the PKG_CONFIG_PATH environment variable
No package 'libnl-3.0' found
Package libnl-genl-3.0 was not found in the pkg-config search path.
Perhaps you should add the directory containing `libnl-genl-3.0.pc'
to the PKG_CONFIG_PATH environment variable
No package 'libnl-genl-3.0' found
configure:7163: $? = 1
configure:7177: result: no
No package 'libnl-3.0' found
No package 'libnl-genl-3.0' found
configure:7254: checking how to run the C preprocessor
configure:7285: gcc -E -I/home/king/xfstests-bld/bld/include conftest.c
configure:7285: $? = 0
configure:7299: gcc -E -I/home/king/xfstests-bld/bld/include conftest.c
conftest.c:13:28: fatal error: ac_nonexistent.h: No such file or directory
 #include <ac_nonexistent.h>
                            ^
compilation terminated.
configure:7299: $? = 1
configure: failed program was:
| /* confdefs.h */
| #define PACKAGE_NAME "quota"
| #define PACKAGE_TARNAME "quota"
| #define PACKAGE_VERSION "4.03"
| #define PACKAGE_STRING "quota 4.03"
| #define PACKAGE_BUGREPORT "jack@suse.cz"
| #define PACKAGE_URL ""
| #define PACKAGE "quota"
| #define VERSION "4.03"
| #define HAVE_NL_LANGINFO 1
| #define PACKAGE_LOCALE_DIR "/home/king/xfstests-bld/bld/share/locale"
| /* end confdefs.h.  */
| #include <ac_nonexistent.h>
configure:7324: result: gcc -E
configure:7344: gcc -E -I/home/king/xfstests-bld/bld/include conftest.c
configure:7344: $? = 0
configure:7358: gcc -E -I/home/king/xfstests-bld/bld/include conftest.c
conftest.c:13:28: fatal error: ac_nonexistent.h: No such file or directory
 #include <ac_nonexistent.h>
                            ^
compilation terminated.
configure:7358: $? = 1
configure: failed program was:
| /* confdefs.h */
| #define PACKAGE_NAME "quota"
| #define PACKAGE_TARNAME "quota"
| #define PACKAGE_VERSION "4.03"
| #define PACKAGE_STRING "quota 4.03"
| #define PACKAGE_BUGREPORT "jack@suse.cz"
| #define PACKAGE_URL ""
| #define PACKAGE "quota"
| #define VERSION "4.03"
| #define HAVE_NL_LANGINFO 1
| #define PACKAGE_LOCALE_DIR "/home/king/xfstests-bld/bld/share/locale"
| /* end confdefs.h.  */
| #include <ac_nonexistent.h>
configure:7387: checking for grep that handles long lines and -e
configure:7445: result: /bin/grep
configure:7450: checking for egrep
configure:7512: result: /bin/grep -E
configure:7517: checking for ANSI C header files
configure:7537: gcc -c -g -O2 -I/home/king/xfstests-bld/bld/include -D_GNU_SOURCE -Wall -D_LARGEFILE64_SOURCE -D_FILE_OFFSET_BITS=64 -fPIC -I/home/king/xfstests-bld/bld/include conftest.c >&5
configure:7537: $? = 0
configure:7610: gcc -o conftest -g -O2 -I/home/king/xfstests-bld/bld/include -D_GNU_SOURCE -Wall -D_LARGEFILE64_SOURCE -D_FILE_OFFSET_BITS=64 -fPIC -I/home/king/xfstests-bld/bld/include  -static -L/home/king/xfstests-bld/bld/lib -static conftest.c  >&5
configure:7610: $? = 0
configure:7610: ./conftest
configure:7610: $? = 0
configure:7621: result: yes
configure:7634: checking for sys/types.h
configure:7634: gcc -c -g -O2 -I/home/king/xfstests-bld/bld/include -D_GNU_SOURCE -Wall -D_LARGEFILE64_SOURCE -D_FILE_OFFSET_BITS=64 -fPIC -I/home/king/xfstests-bld/bld/include conftest.c >&5
configure:7634: $? = 0
configure:7634: result: yes
configure:7634: checking for sys/stat.h
configure:7634: gcc -c -g -O2 -I/home/king/xfstests-bld/bld/include -D_GNU_SOURCE -Wall -D_LARGEFILE64_SOURCE -D_FILE_OFFSET_BITS=64 -fPIC -I/home/king/xfstests-bld/bld/include conftest.c >&5
configure:7634: $? = 0
configure:7634: result: yes
configure:7634: checking for stdlib.h
configure:7634: gcc -c -g -O2 -I/home/king/xfstests-bld/bld/include -D_GNU_SOURCE -Wall -D_LARGEFILE64_SOURCE -D_FILE_OFFSET_BITS=64 -fPIC -I/home/king/xfstests-bld/bld/include conftest.c >&5
configure:7634: $? = 0
configure:7634: result: yes
configure:7634: checking for string.h
configure:7634: gcc -c -g -O2 -I/home/king/xfstests-bld/bld/include -D_GNU_SOURCE -Wall -D_LARGEFILE64_SOURCE -D_FILE_OFFSET_BITS=64 -fPIC -I/home/king/xfstests-bld/bld/include conftest.c >&5
configure:7634: $? = 0
configure:7634: result: yes
configure:7634: checking for memory.h
configure:7634: gcc -c -g -O2 -I/home/king/xfstests-bld/bld/include -D_GNU_SOURCE -Wall -D_LARGEFILE64_SOURCE -D_FILE_OFFSET_BITS=64 -fPIC -I/home/king/xfstests-bld/bld/include conftest.c >&5
configure:7634: $? = 0
configure:7634: result: yes
configure:7634: checking for strings.h
configure:7634: gcc -c -g -O2 -I/home/king/xfstests-bld/bld/include -D_GNU_SOURCE -Wall -D_LARGEFILE64_SOURCE -D_FILE_OFFSET_BITS=64 -fPIC -I/home/king/xfstests-bld/bld/include conftest.c >&5
configure:7634: $? = 0
configure:7634: result: yes
configure:7634: checking for inttypes.h
configure:7634: gcc -c -g -O2 -I/home/king/xfstests-bld/bld/include -D_GNU_SOURCE -Wall -D_LARGEFILE64_SOURCE -D_FILE_OFFSET_BITS=64 -fPIC -I/home/king/xfstests-bld/bld/include conftest.c >&5
configure:7634: $? = 0
configure:7634: result: yes
configure:7634: checking for stdint.h
configure:7634: gcc -c -g -O2 -I/home/king/xfstests-bld/bld/include -D_GNU_SOURCE -Wall -D_LARGEFILE64_SOURCE -D_FILE_OFFSET_BITS=64 -fPIC -I/home/king/xfstests-bld/bld/include conftest.c >&5
configure:7634: $? = 0
configure:7634: result: yes
configure:7634: checking for unistd.h
configure:7634: gcc -c -g -O2 -I/home/king/xfstests-bld/bld/include -D_GNU_SOURCE -Wall -D_LARGEFILE64_SOURCE -D_FILE_OFFSET_BITS=64 -fPIC -I/home/king/xfstests-bld/bld/include conftest.c >&5
configure:7634: $? = 0
configure:7634: result: yes
configure:7648: checking tcpd.h usability
configure:7648: gcc -c -g -O2 -I/home/king/xfstests-bld/bld/include -D_GNU_SOURCE -Wall -D_LARGEFILE64_SOURCE -D_FILE_OFFSET_BITS=64 -fPIC -I/home/king/xfstests-bld/bld/include conftest.c >&5
conftest.c:56:18: fatal error: tcpd.h: No such file or directory
 #include <tcpd.h>
                  ^
compilation terminated.
configure:7648: $? = 1
configure: failed program was:
| /* confdefs.h */
| #define PACKAGE_NAME "quota"
| #define PACKAGE_TARNAME "quota"
| #define PACKAGE_VERSION "4.03"
| #define PACKAGE_STRING "quota 4.03"
| #define PACKAGE_BUGREPORT "jack@suse.cz"
| #define PACKAGE_URL ""
| #define PACKAGE "quota"
| #define VERSION "4.03"
| #define HAVE_NL_LANGINFO 1
| #define PACKAGE_LOCALE_DIR "/home/king/xfstests-bld/bld/share/locale"
| #define STDC_HEADERS 1
| #define HAVE_SYS_TYPES_H 1
| #define HAVE_SYS_STAT_H 1
| #define HAVE_STDLIB_H 1
| #define HAVE_STRING_H 1
| #define HAVE_MEMORY_H 1
| #define HAVE_STRINGS_H 1
| #define HAVE_INTTYPES_H 1
| #define HAVE_STDINT_H 1
| #define HAVE_UNISTD_H 1
| /* end confdefs.h.  */
| #include <stdio.h>
| #ifdef HAVE_SYS_TYPES_H
| # include <sys/types.h>
| #endif
| #ifdef HAVE_SYS_STAT_H
| # include <sys/stat.h>
| #endif
| #ifdef STDC_HEADERS
| # include <stdlib.h>
| # include <stddef.h>
| #else
| # ifdef HAVE_STDLIB_H
| #  include <stdlib.h>
| # endif
| #endif
| #ifdef HAVE_STRING_H
| # if !defined STDC_HEADERS && defined HAVE_MEMORY_H
| #  include <memory.h>
| # endif
| # include <string.h>
| #endif
| #ifdef HAVE_STRINGS_H
| # include <strings.h>
| #endif
| #ifdef HAVE_INTTYPES_H
| # include <inttypes.h>
| #endif
| #ifdef HAVE_STDINT_H
| # include <stdint.h>
| #endif
| #ifdef HAVE_UNISTD_H
| # include <unistd.h>
| #endif
| #include <tcpd.h>
configure:7648: result: no
configure:7648: checking tcpd.h presence
configure:7648: gcc -E -I/home/king/xfstests-bld/bld/include conftest.c
conftest.c:23:18: fatal error: tcpd.h: No such file or directory
 #include <tcpd.h>
                  ^
compilation terminated.
configure:7648: $? = 1
configure: failed program was:
| /* confdefs.h */
| #define PACKAGE_NAME "quota"
| #define PACKAGE_TARNAME "quota"
| #define PACKAGE_VERSION "4.03"
| #define PACKAGE_STRING "quota 4.03"
| #define PACKAGE_BUGREPORT "jack@suse.cz"
| #define PACKAGE_URL ""
| #define PACKAGE "quota"
| #define VERSION "4.03"
| #define HAVE_NL_LANGINFO 1
| #define PACKAGE_LOCALE_DIR "/home/king/xfstests-bld/bld/share/locale"
| #define STDC_HEADERS 1
| #define HAVE_SYS_TYPES_H 1
| #define HAVE_SYS_STAT_H 1
| #define HAVE_STDLIB_H 1
| #define HAVE_STRING_H 1
| #define HAVE_MEMORY_H 1
| #define HAVE_STRINGS_H 1
| #define HAVE_INTTYPES_H 1
| #define HAVE_STDINT_H 1
| #define HAVE_UNISTD_H 1
| /* end confdefs.h.  */
| #include <tcpd.h>
configure:7648: result: no
configure:7648: checking for tcpd.h
configure:7648: result: no
configure:7667: WARNING: tcpd.h not found
configure:7698: checking for rpcgen
configure:7716: found /usr/bin/rpcgen
configure:7728: result: /usr/bin/rpcgen
configure:7964: checking that generated files are newer than configure
configure:7970: result: done
configure:8005: creating ./config.status

## ---------------------- ##
## Running config.status. ##
## ---------------------- ##

This file was extended by quota config.status 4.03, which was
generated by GNU Autoconf 2.69.  Invocation command line was

  CONFIG_FILES    = 
  CONFIG_HEADERS  = 
  CONFIG_LINKS    = 
  CONFIG_COMMANDS = 
  $ ./config.status 

on ubuntu

config.status:910: creating Makefile
config.status:910: creating po/Makefile.in
config.status:1018: WARNING:  'po/Makefile.in.in' seems to ignore the --datarootdir setting
config.status:910: creating config.h
config.status:1139: executing depfiles commands
config.status:1139: executing default-1 commands
configure:9450:
==============================================================================
Build configuration:
	bsd-behaviour:   yes
	ext2-direct:     no
	ldap-mail:       no
	libwrap:         no
	netlink:         no
	nls:             no
	proc-mounts:     /proc/mounts
	rpc:             yes
	rpcsetquota:     no
	xfs-roothack:    no
	werror:          no
==============================================================================


## ---------------- ##
## Cache variables. ##
## ---------------- ##

ac_cv_build=x86_64-pc-linux-gnu
ac_cv_c_compiler_gnu=yes
ac_cv_c_const=yes
ac_cv_c_inline=inline
ac_cv_env_CC_set=
ac_cv_env_CC_value=
ac_cv_env_CFLAGS_set=set
ac_cv_env_CFLAGS_value='-g -O2 -I/home/king/xfstests-bld/bld/include'
ac_cv_env_COM_ERR_CFLAGS_set=
ac_cv_env_COM_ERR_CFLAGS_value=
ac_cv_env_COM_ERR_LIBS_set=
ac_cv_env_COM_ERR_LIBS_value=
ac_cv_env_CPPFLAGS_set=set
ac_cv_env_CPPFLAGS_value=-I/home/king/xfstests-bld/bld/include
ac_cv_env_CPP_set=
ac_cv_env_CPP_value=
ac_cv_env_DBUS_CFLAGS_set=
ac_cv_env_DBUS_CFLAGS_value=
ac_cv_env_DBUS_LIBS_set=
ac_cv_env_DBUS_LIBS_value=
ac_cv_env_EXT2FS_CFLAGS_set=
ac_cv_env_EXT2FS_CFLAGS_value=
ac_cv_env_EXT2FS_LIBS_set=
ac_cv_env_EXT2FS_LIBS_value=
ac_cv_env_LDFLAGS_set=set
ac_cv_env_LDFLAGS_value=' -static -L/home/king/xfstests-bld/bld/lib -static'
ac_cv_env_LIBNL3_CFLAGS_set=
ac_cv_env_LIBNL3_CFLAGS_value=
ac_cv_env_LIBNL3_LIBS_set=
ac_cv_env_LIBNL3_LIBS_value=
ac_cv_env_LIBS_set=
ac_cv_env_LIBS_value=
ac_cv_env_PKG_CONFIG_LIBDIR_set=
ac_cv_env_PKG_CONFIG_LIBDIR_value=
ac_cv_env_PKG_CONFIG_PATH_set=
ac_cv_env_PKG_CONFIG_PATH_value=
ac_cv_env_PKG_CONFIG_set=
ac_cv_env_PKG_CONFIG_value=
ac_cv_env_RPCGEN_set=
ac_cv_env_RPCGEN_value=
ac_cv_env_build_alias_set=
ac_cv_env_build_alias_value=
ac_cv_env_host_alias_set=
ac_cv_env_host_alias_value=
ac_cv_env_target_alias_set=
ac_cv_env_target_alias_value=
ac_cv_func_nl_langinfo=yes
ac_cv_header_inttypes_h=yes
ac_cv_header_memory_h=yes
ac_cv_header_stdc=yes
ac_cv_header_stdint_h=yes
ac_cv_header_stdlib_h=yes
ac_cv_header_string_h=yes
ac_cv_header_strings_h=yes
ac_cv_header_sys_stat_h=yes
ac_cv_header_sys_types_h=yes
ac_cv_header_tcpd_h=no
ac_cv_header_unistd_h=yes
ac_cv_host=x86_64-pc-linux-gnu
ac_cv_lib_ldap_ldap_initialize=no
ac_cv_objext=o
ac_cv_path_EGREP='/bin/grep -E'
ac_cv_path_GMSGFMT=/usr/bin/msgfmt
ac_cv_path_GREP=/bin/grep
ac_cv_path_MSGFMT=/usr/bin/msgfmt
ac_cv_path_MSGMERGE=/usr/bin/msgmerge
ac_cv_path_RPCGEN=/usr/bin/rpcgen
ac_cv_path_XGETTEXT=/usr/bin/xgettext
ac_cv_path_ac_pt_PKG_CONFIG=/usr/bin/pkg-config
ac_cv_path_install='/usr/bin/install -c'
ac_cv_path_mkdir=/bin/mkdir
ac_cv_prog_AWK=gawk
ac_cv_prog_CPP='gcc -E'
ac_cv_prog_ac_ct_AR=ar
ac_cv_prog_ac_ct_CC=gcc
ac_cv_prog_ac_ct_RANLIB=ranlib
ac_cv_prog_cc_c89=
ac_cv_prog_cc_g=yes
ac_cv_prog_make_make_set=yes
acl_cv_hardcode_direct=no
acl_cv_hardcode_libdir_flag_spec='${wl}-rpath ${wl}$libdir'
acl_cv_hardcode_libdir_separator=
acl_cv_hardcode_minus_L=no
acl_cv_libext=a
acl_cv_path_LD=/usr/bin/ld
acl_cv_prog_gnu_ld=yes
acl_cv_rpath=done
acl_cv_shlibext=so
acl_cv_wl=-Wl,
am_cv_CC_dependencies_compiler_type=gcc3
am_cv_ar_interface=ar
am_cv_make_support_nested_variables=yes
am_cv_prog_cc_c_o=yes

## ----------------- ##
## Output variables. ##
## ----------------- ##

ACLOCAL='${SHELL} /home/king/xfstests-bld/quota/missing aclocal-1.15'
AMDEPBACKSLASH='\'
AMDEP_FALSE='#'
AMDEP_TRUE=''
AMTAR='$${TAR-tar}'
AM_BACKSLASH='\'
AM_DEFAULT_V='$(AM_DEFAULT_VERBOSITY)'
AM_DEFAULT_VERBOSITY='0'
AM_V='$(V)'
AR='ar'
AUTOCONF='${SHELL} /home/king/xfstests-bld/quota/missing autoconf'
AUTOHEADER='${SHELL} /home/king/xfstests-bld/quota/missing autoheader'
AUTOMAKE='${SHELL} /home/king/xfstests-bld/quota/missing automake-1.15'
AWK='gawk'
CC='gcc'
CCDEPMODE='depmode=gcc3'
CFLAGS='-g -O2 -I/home/king/xfstests-bld/bld/include -D_GNU_SOURCE -Wall -D_LARGEFILE64_SOURCE -D_FILE_OFFSET_BITS=64 -fPIC'
COM_ERR_CFLAGS=''
COM_ERR_LIBS=''
CPP='gcc -E'
CPPFLAGS='-I/home/king/xfstests-bld/bld/include'
CYGPATH_W='echo'
DBUS_CFLAGS=''
DBUS_LIBS=''
DEFS='-DHAVE_CONFIG_H'
DEPDIR='.deps'
ECHO_C=''
ECHO_N='-n'
ECHO_T=''
EGREP='/bin/grep -E'
EXEEXT=''
EXT2FS_CFLAGS=''
EXT2FS_LIBS=''
GMSGFMT='/usr/bin/msgfmt'
GREP='/bin/grep'
INSTALL_DATA='${INSTALL} -m 644'
INSTALL_PROGRAM='${INSTALL}'
INSTALL_SCRIPT='${INSTALL}'
INSTALL_STRIP_PROGRAM='$(install_sh) -c -s'
INTLLIBS=''
LDAP_LIBS=''
LDFLAGS=' -static -L/home/king/xfstests-bld/bld/lib -static'
LIBICONV='-liconv'
LIBINTL=''
LIBNL3_CFLAGS=''
LIBNL3_LIBS=''
LIBOBJS=''
LIBS=''
LN_S='ln -s'
LTLIBICONV='-liconv'
LTLIBINTL=''
LTLIBOBJS=''
MAKEINFO='${SHELL} /home/king/xfstests-bld/quota/missing makeinfo'
MKDIR_P='/bin/mkdir -p'
MKINSTALLDIRS='$(top_builddir)/./mkinstalldirs'
MSGFMT='/usr/bin/msgfmt'
MSGMERGE='/usr/bin/msgmerge'
OBJEXT='o'
PACKAGE='quota'
PACKAGE_BUGREPORT='jack@suse.cz'
PACKAGE_NAME='quota'
PACKAGE_STRING='quota 4.03'
PACKAGE_TARNAME='quota'
PACKAGE_URL=''
PACKAGE_VERSION='4.03'
PATH_SEPARATOR=':'
PKG_CONFIG='/usr/bin/pkg-config'
PKG_CONFIG_LIBDIR=''
PKG_CONFIG_PATH=''
POSUB=''
RANLIB='ranlib'
RPCGEN='/usr/bin/rpcgen'
SET_MAKE=''
SHELL='/bin/bash'
STRIP=''
USE_NLS='no'
VERSION='4.03'
WITH_NETLINK_FALSE=''
WITH_NETLINK_TRUE='#'
WITH_RPC_FALSE='#'
WITH_RPC_TRUE=''
WRAP_LIBS=''
XGETTEXT='/usr/bin/xgettext'
ac_ct_AR='ar'
ac_ct_CC='gcc'
am__EXEEXT_FALSE=''
am__EXEEXT_TRUE='#'
am__fastdepCC_FALSE='#'
am__fastdepCC_TRUE=''
am__include='include'
am__isrc=''
am__leading_dot='.'
am__nodep='_no'
am__quote=''
am__tar='$${TAR-tar} chof - "$$tardir"'
am__untar='$${TAR-tar} xf -'
bindir='${exec_prefix}/bin'
build='x86_64-pc-linux-gnu'
build_alias=''
build_cpu='x86_64'
build_os='linux-gnu'
build_vendor='pc'
datadir='${datarootdir}'
datarootdir='${prefix}/share'
docdir='${datarootdir}/doc/${PACKAGE_TARNAME}'
dvidir='${docdir}'
exec_prefix='${prefix}'
host='x86_64-pc-linux-gnu'
host_alias=''
host_cpu='x86_64'
host_os='linux-gnu'
host_vendor='pc'
htmldir='${docdir}'
includedir='${prefix}/include'
infodir='${datarootdir}/info'
install_sh='${SHELL} /home/king/xfstests-bld/quota/install-sh'
libdir='${exec_prefix}/lib'
libexecdir='${exec_prefix}/libexec'
localedir='${datarootdir}/locale'
localstatedir='${prefix}/var'
mandir='${datarootdir}/man'
mkdir_p='$(MKDIR_P)'
oldincludedir='/usr/include'
pdfdir='${docdir}'
prefix='/home/king/xfstests-bld/bld'
program_transform_name='s,x,x,'
psdir='${docdir}'
runstatedir='${localstatedir}/run'
sbindir='${exec_prefix}/sbin'
sharedstatedir='${prefix}/com'
sysconfdir='${prefix}/etc'
target_alias=''

## ----------- ##
## confdefs.h. ##
## ----------- ##

/* confdefs.h */
#define PACKAGE_NAME "quota"
#define PACKAGE_TARNAME "quota"
#define PACKAGE_VERSION "4.03"
#define PACKAGE_STRING "quota 4.03"
#define PACKAGE_BUGREPORT "jack@suse.cz"
#define PACKAGE_URL ""
#define PACKAGE "quota"
#define VERSION "4.03"
#define HAVE_NL_LANGINFO 1
#define PACKAGE_LOCALE_DIR "/home/king/xfstests-bld/bld/share/locale"
#define STDC_HEADERS 1
#define HAVE_SYS_TYPES_H 1
#define HAVE_SYS_STAT_H 1
#define HAVE_STDLIB_H 1
#define HAVE_STRING_H 1
#define HAVE_MEMORY_H 1
#define HAVE_STRINGS_H 1
#define HAVE_INTTYPES_H 1
#define HAVE_STDINT_H 1
#define HAVE_UNISTD_H 1
#define RPC 1
#define BSD_BEHAVIOUR 1
#define ALT_MTAB "/proc/mounts"
#define COMPILE_OPTS " RPC BSD_BEHAVIOUR"

configure: exit 0
